<?xml version="1.0" encoding="UTF-8"?>
<testsuite xmlns:xsi="http://www.w3.org/2001/XMLSchema-instance" xsi:noNamespaceSchemaLocation="https://maven.apache.org/surefire/maven-surefire-plugin/xsd/surefire-test-report-3.0.xsd" version="3.0" name="tests_ejercicio_01.MathUtilsTest" time="0.056" tests="4" errors="0" skipped="0" failures="0">
  <properties>
[...]
</properties>
  <testcase name="primeNumber97_returnsTrue" classname="tests_ejercicio_01.MathUtilsTest" time="0.017"/>
  <testcase name="nonPrimeNumber100_returnsFalse" classname="tests_ejercicio_01.MathUtilsTest" time="0.001"/>
  <testcase name="gcdOf18And24_returns6" classname="tests_ejercicio_01.MathUtilsTest" time="0.011"/>
  <testcase name="gcdWithNegativeNumber_throwsException" classname="tests_ejercicio_01.MathUtilsTest" time="0.002"/>
</testsuite>